<?xml version="1.0" encoding="UTF-8"?>
<!-- Generated by org.testng.reporters.JUnitXMLReporter -->
<testsuite ignored="0" hostname="LAPTOP-RE3EK5QJ" failures="0" tests="2" name="Default test" time="24.531" errors="0" timestamp="05 Mar 2022 16:40:06 GMT">
  <testcase classname="com.dinesh.Phase5lession2.BeofreMethodAnnotation" name="TestWikiHomepage" time="12.443"/>
  <testcase classname="com.dinesh.Phase5lession2.BeofreMethodAnnotation" name="TestWikiLoginPage" time="6.213"/>
</testsuite> <!-- Default test -->
